\BOOKMARK [1][-]{section.1}{1 Course Overview}{}% 1
\BOOKMARK [1][-]{section.2}{2 Learning Objectives}{}% 2
\BOOKMARK [1][-]{section.3}{3 Course Format}{}% 3
\BOOKMARK [1][-]{section.4}{4 Course Info}{}% 4
\BOOKMARK [2][-]{subsection.4.1}{4.1 Playposit}{section.4}% 5
\BOOKMARK [2][-]{subsection.4.2}{4.2 Zoom meetings}{section.4}% 6
\BOOKMARK [1][-]{section.5}{5 Prerequisites}{}% 7
\BOOKMARK [1][-]{section.6}{6 Class Materials}{}% 8
\BOOKMARK [1][-]{section.7}{7 Workload}{}% 9
\BOOKMARK [1][-]{section.8}{8 Graded Work}{}% 10
\BOOKMARK [1][-]{section.9}{9 Descriptions of graded work}{}% 11
\BOOKMARK [2][-]{subsection.9.1}{9.1 Problem sets}{section.9}% 12
\BOOKMARK [2][-]{subsection.9.2}{9.2 Lab exercises}{section.9}% 13
\BOOKMARK [2][-]{subsection.9.3}{9.3 Quizzes}{section.9}% 14
\BOOKMARK [2][-]{subsection.9.4}{9.4 Midterm Exam}{section.9}% 15
\BOOKMARK [2][-]{subsection.9.5}{9.5 Final Exam}{section.9}% 16
\BOOKMARK [1][-]{section.10}{10 Late Submission Policy}{}% 17
\BOOKMARK [1][-]{section.11}{11 Auditing}{}% 18
\BOOKMARK [1][-]{section.12}{12 Tentative Course Schedule}{}% 19
\BOOKMARK [1][-]{section.13}{13 Academic Integrity}{}% 20
\BOOKMARK [1][-]{section.14}{14 Diversity \046 Inclusiveness:}{}% 21
\BOOKMARK [1][-]{section.15}{15 Disability Statement}{}% 22
\BOOKMARK [1][-]{section.16}{16 Other Information}{}% 23
\BOOKMARK [1][-]{section.17}{17 Professionalism}{}% 24
