\BOOKMARK [1][-]{section.1}{1 Course Overview}{}% 1
\BOOKMARK [1][-]{section.2}{2 Course Format}{}% 2
\BOOKMARK [2][-]{subsection.2.1}{2.1 Asynchronous Activities}{section.2}% 3
\BOOKMARK [2][-]{subsection.2.2}{2.2 Synchronous Activities}{section.2}% 4
\BOOKMARK [1][-]{section.3}{3 Learning Objectives}{}% 5
\BOOKMARK [1][-]{section.4}{4 Prerequisites}{}% 6
\BOOKMARK [1][-]{section.5}{5 Class Materials}{}% 7
\BOOKMARK [1][-]{section.6}{6 Workload}{}% 8
\BOOKMARK [1][-]{section.7}{7 Graded Work}{}% 9
\BOOKMARK [1][-]{section.8}{8 Descriptions of graded work}{}% 10
\BOOKMARK [2][-]{subsection.8.1}{8.1 Problem sets and lab exercises}{section.8}% 11
\BOOKMARK [2][-]{subsection.8.2}{8.2 Lab exercises}{section.8}% 12
\BOOKMARK [2][-]{subsection.8.3}{8.3 Quizzes}{section.8}% 13
\BOOKMARK [2][-]{subsection.8.4}{8.4 Midterm Exam}{section.8}% 14
\BOOKMARK [2][-]{subsection.8.5}{8.5 Final Exam}{section.8}% 15
\BOOKMARK [1][-]{section.9}{9 Late Submission Policy}{}% 16
\BOOKMARK [1][-]{section.10}{10 Auditing}{}% 17
\BOOKMARK [1][-]{section.11}{11 Tentative Course Schedule}{}% 18
\BOOKMARK [1][-]{section.12}{12 Academic Integrity}{}% 19
\BOOKMARK [1][-]{section.13}{13 Diversity \046 Inclusiveness:}{}% 20
\BOOKMARK [1][-]{section.14}{14 Disability Statement}{}% 21
\BOOKMARK [1][-]{section.15}{15 Other Information}{}% 22
\BOOKMARK [1][-]{section.16}{16 Professionalism}{}% 23
